<?xml version="1.0" encoding="UTF-8"?>
<!-- Generated by org.testng.reporters.JUnitXMLReporter -->
<testsuite ignored="0" hostname="LAPTOP-9IH8EFD5" failures="0" tests="4" name="Default test" time="9.832" errors="0" timestamp="2022-10-26T15:43:07 IST">
  <testcase classname="weatheraCheck.putOperation" name="test1" time="3.831"/>
  <testcase classname="weatheraCheck.putOperation" name="test1" time="1.574"/>
  <testcase classname="weatheraCheck.putOperation" name="test1" time="1.72"/>
  <testcase classname="weatheraCheck.putOperation" name="test1" time="1.51"/>
</testsuite> <!-- Default test -->
