<?xml version="1.0" encoding="UTF-8"?>
<testng-results ignored="0" total="4" passed="4" failed="0" skipped="0">
  <reporter-output>
  </reporter-output>
  <suite started-at="2022-10-26T15:42:57 IST" name="Default suite" finished-at="2022-10-26T15:43:07 IST" duration-ms="9832">
    <groups>
    </groups>
    <test started-at="2022-10-26T15:42:57 IST" name="Default test" finished-at="2022-10-26T15:43:07 IST" duration-ms="9832">
      <class name="weatheraCheck.putOperation">
        <test-method signature="test1(java.lang.String,java.lang.String,java.lang.String,int)[pri:0, instance:weatheraCheck.putOperation@1eb5174b]" started-at="2022-10-26T15:42:58 IST" name="test1" data-provider="data3" finished-at="2022-10-26T15:43:02 IST" duration-ms="3831" status="PASS">
          <params>
            <param index="0">
              <value>
                <![CDATA[pavan]]>
              </value>
            </param>
            <param index="1">
              <value>
                <![CDATA[kumar]]>
              </value>
            </param>
            <param index="2">
              <value>
                <![CDATA[pavan@gmail.com]]>
              </value>
            </param>
            <param index="3">
              <value>
                <![CDATA[23]]>
              </value>
            </param>
          </params>
          <reporter-output>
          </reporter-output>
        </test-method> <!-- test1 -->
        <test-method signature="test1(java.lang.String,java.lang.String,java.lang.String,int)[pri:0, instance:weatheraCheck.putOperation@1eb5174b]" started-at="2022-10-26T15:43:02 IST" name="test1" data-provider="data3" finished-at="2022-10-26T15:43:04 IST" duration-ms="1574" status="PASS">
          <params>
            <param index="0">
              <value>
                <![CDATA[chanda]]>
              </value>
            </param>
            <param index="1">
              <value>
                <![CDATA[mand]]>
              </value>
            </param>
            <param index="2">
              <value>
                <![CDATA[chanda@gmail.com]]>
              </value>
            </param>
            <param index="3">
              <value>
                <![CDATA[22]]>
              </value>
            </param>
          </params>
          <reporter-output>
          </reporter-output>
        </test-method> <!-- test1 -->
        <test-method signature="test1(java.lang.String,java.lang.String,java.lang.String,int)[pri:0, instance:weatheraCheck.putOperation@1eb5174b]" started-at="2022-10-26T15:43:04 IST" name="test1" data-provider="data3" finished-at="2022-10-26T15:43:05 IST" duration-ms="1720" status="PASS">
          <params>
            <param index="0">
              <value>
                <![CDATA[kohli]]>
              </value>
            </param>
            <param index="1">
              <value>
                <![CDATA[virat]]>
              </value>
            </param>
            <param index="2">
              <value>
                <![CDATA[kohli@gmail.com]]>
              </value>
            </param>
            <param index="3">
              <value>
                <![CDATA[30]]>
              </value>
            </param>
          </params>
          <reporter-output>
          </reporter-output>
        </test-method> <!-- test1 -->
        <test-method signature="test1(java.lang.String,java.lang.String,java.lang.String,int)[pri:0, instance:weatheraCheck.putOperation@1eb5174b]" started-at="2022-10-26T15:43:05 IST" name="test1" data-provider="data3" finished-at="2022-10-26T15:43:07 IST" duration-ms="1510" status="PASS">
          <params>
            <param index="0">
              <value>
                <![CDATA[suresh]]>
              </value>
            </param>
            <param index="1">
              <value>
                <![CDATA[raina]]>
              </value>
            </param>
            <param index="2">
              <value>
                <![CDATA[raina@gmail.com]]>
              </value>
            </param>
            <param index="3">
              <value>
                <![CDATA[34]]>
              </value>
            </param>
          </params>
          <reporter-output>
          </reporter-output>
        </test-method> <!-- test1 -->
      </class> <!-- weatheraCheck.putOperation -->
    </test> <!-- Default test -->
  </suite> <!-- Default suite -->
</testng-results>
